{"D:\\Programmering\\Web\\temp\\pgr6301_exam\\pg6301_client\\src\\data\\useEmployeeData.ts": {"path":"D:\\Programmering\\Web\\temp\\pgr6301_exam\\pg6301_client\\src\\data\\useEmployeeData.ts","statementMap":{"0":{"start":{"line":20,"column":21},"end":{"line":23,"column":1}},"1":{"start":{"line":22,"column":42},"end":{"line":22,"column":91}},"2":{"start":{"line":28,"column":31},"end":{"line":37,"column":1}},"3":{"start":{"line":29,"column":19},"end":{"line":29,"column":45}},"4":{"start":{"line":30,"column":4},"end":{"line":36,"column":6}},"5":{"start":{"line":31,"column":25},"end":{"line":31,"column":85}},"6":{"start":{"line":32,"column":21},"end":{"line":32,"column":42}},"7":{"start":{"line":34,"column":8},"end":{"line":34,"column":46}}},"fnMap":{"0":{"name":"(anonymous_0)","decl":{"start":{"line":22,"column":10},"end":{"line":22,"column":11}},"loc":{"start":{"line":22,"column":42},"end":{"line":22,"column":91}},"line":22},"1":{"name":"(anonymous_1)","decl":{"start":{"line":28,"column":31},"end":{"line":28,"column":32}},"loc":{"start":{"line":28,"column":37},"end":{"line":37,"column":1}},"line":28},"2":{"name":"(anonymous_2)","decl":{"start":{"line":30,"column":47},"end":{"line":30,"column":48}},"loc":{"start":{"line":30,"column":59},"end":{"line":35,"column":5}},"line":30}},"branchMap":{"0":{"loc":{"start":{"line":34,"column":15},"end":{"line":34,"column":45}},"type":"binary-expr","locations":[{"start":{"line":34,"column":15},"end":{"line":34,"column":39}},{"start":{"line":34,"column":43},"end":{"line":34,"column":45}}],"line":34}},"s":{"0":1,"1":1,"2":1,"3":1,"4":1,"5":1,"6":0,"7":0},"f":{"0":1,"1":1,"2":1},"b":{"0":[0,0]},"_coverageSchema":"1a1c01bbd47fc00a2c39e90264f33305004495a9","hash":"4713efa8988185e5fb4b185703d3bbb5b84603b4"}
,"D:\\Programmering\\Web\\temp\\pgr6301_exam\\pg6301_client\\src\\data\\employeeActivityData\\employeeActivityKeys.ts": {"path":"D:\\Programmering\\Web\\temp\\pgr6301_exam\\pg6301_client\\src\\data\\employeeActivityData\\employeeActivityKeys.ts","statementMap":{"0":{"start":{"line":9,"column":36},"end":{"line":12,"column":1}},"1":{"start":{"line":11,"column":52},"end":{"line":11,"column":123}}},"fnMap":{"0":{"name":"(anonymous_0)","decl":{"start":{"line":11,"column":19},"end":{"line":11,"column":20}},"loc":{"start":{"line":11,"column":52},"end":{"line":11,"column":123}},"line":11}},"branchMap":{},"s":{"0":1,"1":1},"f":{"0":1},"b":{},"_coverageSchema":"1a1c01bbd47fc00a2c39e90264f33305004495a9","hash":"2c71cb3b56d7e94093cb5f42332c3f990332268d"}
,"D:\\Programmering\\Web\\temp\\pgr6301_exam\\pg6301_client\\src\\data\\employeeActivityData\\index.ts": {"path":"D:\\Programmering\\Web\\temp\\pgr6301_exam\\pg6301_client\\src\\data\\employeeActivityData\\index.ts","statementMap":{},"fnMap":{},"branchMap":{},"s":{},"f":{},"b":{},"_coverageSchema":"1a1c01bbd47fc00a2c39e90264f33305004495a9","hash":"f11bf24c50638482b07e8ad34bd76d6feb2c4c4d"}
,"D:\\Programmering\\Web\\temp\\pgr6301_exam\\pg6301_client\\src\\data\\employeeActivityData\\useAllEmployeeActivities.ts": {"path":"D:\\Programmering\\Web\\temp\\pgr6301_exam\\pg6301_client\\src\\data\\employeeActivityData\\useAllEmployeeActivities.ts","statementMap":{"0":{"start":{"line":15,"column":40},"end":{"line":21,"column":1}},"1":{"start":{"line":16,"column":4},"end":{"line":20,"column":7}},"2":{"start":{"line":17,"column":25},"end":{"line":17,"column":55}},"3":{"start":{"line":18,"column":21},"end":{"line":18,"column":42}},"4":{"start":{"line":19,"column":8},"end":{"line":19,"column":47}}},"fnMap":{"0":{"name":"(anonymous_0)","decl":{"start":{"line":15,"column":40},"end":{"line":15,"column":41}},"loc":{"start":{"line":15,"column":46},"end":{"line":21,"column":1}},"line":15},"1":{"name":"(anonymous_1)","decl":{"start":{"line":16,"column":56},"end":{"line":16,"column":57}},"loc":{"start":{"line":16,"column":68},"end":{"line":20,"column":5}},"line":16}},"branchMap":{},"s":{"0":1,"1":0,"2":0,"3":0,"4":0},"f":{"0":0,"1":0},"b":{},"_coverageSchema":"1a1c01bbd47fc00a2c39e90264f33305004495a9","hash":"cb81def23ea29de21f4557ac25c071bebbc0863e"}
,"D:\\Programmering\\Web\\temp\\pgr6301_exam\\pg6301_client\\src\\data\\employeeActivityData\\useEmployeeActivitiesByDepartement.ts": {"path":"D:\\Programmering\\Web\\temp\\pgr6301_exam\\pg6301_client\\src\\data\\employeeActivityData\\useEmployeeActivitiesByDepartement.ts","statementMap":{"0":{"start":{"line":13,"column":50},"end":{"line":24,"column":1}},"1":{"start":{"line":14,"column":57},"end":{"line":17,"column":5}},"2":{"start":{"line":18,"column":4},"end":{"line":23,"column":7}},"3":{"start":{"line":19,"column":25},"end":{"line":19,"column":121}},"4":{"start":{"line":20,"column":21},"end":{"line":20,"column":42}},"5":{"start":{"line":21,"column":8},"end":{"line":21,"column":26}},"6":{"start":{"line":22,"column":8},"end":{"line":22,"column":53}}},"fnMap":{"0":{"name":"(anonymous_0)","decl":{"start":{"line":13,"column":50},"end":{"line":13,"column":51}},"loc":{"start":{"line":13,"column":56},"end":{"line":24,"column":1}},"line":13},"1":{"name":"(anonymous_1)","decl":{"start":{"line":18,"column":64},"end":{"line":18,"column":65}},"loc":{"start":{"line":18,"column":76},"end":{"line":23,"column":5}},"line":18}},"branchMap":{"0":{"loc":{"start":{"line":22,"column":15},"end":{"line":22,"column":52}},"type":"binary-expr","locations":[{"start":{"line":22,"column":15},"end":{"line":22,"column":46}},{"start":{"line":22,"column":50},"end":{"line":22,"column":52}}],"line":22}},"s":{"0":1,"1":1,"2":1,"3":1,"4":0,"5":0,"6":0},"f":{"0":1,"1":1},"b":{"0":[0,0]},"_coverageSchema":"1a1c01bbd47fc00a2c39e90264f33305004495a9","hash":"4ef70c517582e6a332233f6469b39c5d8366485b"}
,"D:\\Programmering\\Web\\temp\\pgr6301_exam\\pg6301_client\\src\\data\\employeeActivityData\\useMutateEmployeeActivityHours.tsx": {"path":"D:\\Programmering\\Web\\temp\\pgr6301_exam\\pg6301_client\\src\\data\\employeeActivityData\\useMutateEmployeeActivityHours.tsx","statementMap":{"0":{"start":{"line":8,"column":46},"end":{"line":23,"column":1}},"1":{"start":{"line":9,"column":23},"end":{"line":9,"column":49}},"2":{"start":{"line":10,"column":24},"end":{"line":10,"column":40}},"3":{"start":{"line":11,"column":4},"end":{"line":11,"column":27}},"4":{"start":{"line":12,"column":4},"end":{"line":22,"column":5}},"5":{"start":{"line":13,"column":8},"end":{"line":19,"column":10}}},"fnMap":{"0":{"name":"(anonymous_0)","decl":{"start":{"line":8,"column":46},"end":{"line":8,"column":47}},"loc":{"start":{"line":8,"column":52},"end":{"line":23,"column":1}},"line":8},"1":{"name":"(anonymous_1)","decl":{"start":{"line":12,"column":23},"end":{"line":12,"column":24}},"loc":{"start":{"line":12,"column":78},"end":{"line":20,"column":5}},"line":12}},"branchMap":{},"s":{"0":1,"1":1,"2":1,"3":1,"4":1,"5":0},"f":{"0":1,"1":0},"b":{},"_coverageSchema":"1a1c01bbd47fc00a2c39e90264f33305004495a9","hash":"b845795edc8c3815f9da5f9bb0396bbb5d2f88da"}
,"D:\\Programmering\\Web\\temp\\pgr6301_exam\\pg6301_client\\src\\features\\EmployeeActivitiesView\\EmployeeActivitiesList.tsx": {"path":"D:\\Programmering\\Web\\temp\\pgr6301_exam\\pg6301_client\\src\\features\\EmployeeActivitiesView\\EmployeeActivitiesList.tsx","statementMap":{"0":{"start":{"line":14,"column":21},"end":{"line":17,"column":1}},"1":{"start":{"line":18,"column":25},"end":{"line":21,"column":1}},"2":{"start":{"line":23,"column":38},"end":{"line":50,"column":1}},"3":{"start":{"line":25,"column":28},"end":{"line":28,"column":5}},"4":{"start":{"line":26,"column":25},"end":{"line":26,"column":110}},"5":{"start":{"line":26,"column":62},"end":{"line":26,"column":109}},"6":{"start":{"line":27,"column":8},"end":{"line":27,"column":42}},"7":{"start":{"line":32,"column":4},"end":{"line":48,"column":5}},"8":{"start":{"line":36,"column":20},"end":{"line":44,"column":39}},"9":{"start":{"line":52,"column":36},"end":{"line":52,"column":77}}},"fnMap":{"0":{"name":"(anonymous_0)","decl":{"start":{"line":23,"column":38},"end":{"line":23,"column":39}},"loc":{"start":{"line":23,"column":103},"end":{"line":50,"column":1}},"line":23},"1":{"name":"(anonymous_1)","decl":{"start":{"line":25,"column":28},"end":{"line":25,"column":29}},"loc":{"start":{"line":25,"column":94},"end":{"line":28,"column":5}},"line":25},"2":{"name":"(anonymous_2)","decl":{"start":{"line":26,"column":48},"end":{"line":26,"column":49}},"loc":{"start":{"line":26,"column":62},"end":{"line":26,"column":109}},"line":26},"3":{"name":"(anonymous_3)","decl":{"start":{"line":35,"column":33},"end":{"line":35,"column":34}},"loc":{"start":{"line":36,"column":20},"end":{"line":44,"column":39}},"line":36}},"branchMap":{"0":{"loc":{"start":{"line":27,"column":15},"end":{"line":27,"column":42}},"type":"binary-expr","locations":[{"start":{"line":27,"column":15},"end":{"line":27,"column":37}},{"start":{"line":27,"column":41},"end":{"line":27,"column":42}}],"line":27}},"s":{"0":1,"1":1,"2":1,"3":1,"4":0,"5":0,"6":0,"7":1,"8":0,"9":1},"f":{"0":1,"1":0,"2":0,"3":0},"b":{"0":[0,0]},"_coverageSchema":"1a1c01bbd47fc00a2c39e90264f33305004495a9","hash":"ef405789caf04ee12b74bdc214105d2d516312fe"}
,"D:\\Programmering\\Web\\temp\\pgr6301_exam\\pg6301_client\\src\\features\\EmployeeActivitiesView\\EmployeeActivitiesView.tsx": {"path":"D:\\Programmering\\Web\\temp\\pgr6301_exam\\pg6301_client\\src\\features\\EmployeeActivitiesView\\EmployeeActivitiesView.tsx","statementMap":{"0":{"start":{"line":14,"column":31},"end":{"line":20,"column":1}},"1":{"start":{"line":23,"column":19},"end":{"line":25,"column":1}},"2":{"start":{"line":27,"column":38},"end":{"line":29,"column":1}},"3":{"start":{"line":31,"column":28},"end":{"line":59,"column":1}},"4":{"start":{"line":33,"column":59},"end":{"line":33,"column":95}},"5":{"start":{"line":34,"column":54},"end":{"line":34,"column":71}},"6":{"start":{"line":36,"column":21},"end":{"line":36,"column":34}},"7":{"start":{"line":38,"column":31},"end":{"line":40,"column":5}},"8":{"start":{"line":39,"column":8},"end":{"line":39,"column":21}},"9":{"start":{"line":44,"column":4},"end":{"line":58,"column":5}},"10":{"start":{"line":61,"column":34},"end":{"line":61,"column":65}}},"fnMap":{"0":{"name":"(anonymous_0)","decl":{"start":{"line":31,"column":28},"end":{"line":31,"column":29}},"loc":{"start":{"line":31,"column":56},"end":{"line":59,"column":1}},"line":31},"1":{"name":"(anonymous_1)","decl":{"start":{"line":38,"column":31},"end":{"line":38,"column":32}},"loc":{"start":{"line":38,"column":37},"end":{"line":40,"column":5}},"line":38}},"branchMap":{"0":{"loc":{"start":{"line":50,"column":45},"end":{"line":50,"column":73}},"type":"binary-expr","locations":[{"start":{"line":50,"column":45},"end":{"line":50,"column":59}},{"start":{"line":50,"column":63},"end":{"line":50,"column":73}}],"line":50}},"s":{"0":1,"1":1,"2":1,"3":1,"4":1,"5":1,"6":1,"7":1,"8":0,"9":1,"10":1},"f":{"0":1,"1":0},"b":{"0":[1,1]},"_coverageSchema":"1a1c01bbd47fc00a2c39e90264f33305004495a9","hash":"6dc21a8e03bc4a3b3cb1f9485469afa59969c0c0"}
,"D:\\Programmering\\Web\\temp\\pgr6301_exam\\pg6301_client\\src\\features\\EmployeeActivitiesView\\EmployeeActivityItem.tsx": {"path":"D:\\Programmering\\Web\\temp\\pgr6301_exam\\pg6301_client\\src\\features\\EmployeeActivitiesView\\EmployeeActivityItem.tsx","statementMap":{"0":{"start":{"line":13,"column":29},"end":{"line":17,"column":1}},"1":{"start":{"line":19,"column":21},"end":{"line":24,"column":1}},"2":{"start":{"line":28,"column":38},"end":{"line":42,"column":1}},"3":{"start":{"line":29,"column":24},"end":{"line":29,"column":64}},"4":{"start":{"line":30,"column":4},"end":{"line":41,"column":5}},"5":{"start":{"line":44,"column":36},"end":{"line":44,"column":77}}},"fnMap":{"0":{"name":"(anonymous_0)","decl":{"start":{"line":28,"column":38},"end":{"line":28,"column":39}},"loc":{"start":{"line":28,"column":157},"end":{"line":42,"column":1}},"line":28}},"branchMap":{},"s":{"0":1,"1":1,"2":1,"3":0,"4":0,"5":1},"f":{"0":0},"b":{},"_coverageSchema":"1a1c01bbd47fc00a2c39e90264f33305004495a9","hash":"919bafb4caa48fb4b270aa606ca4f8016cd56ea9"}
,"D:\\Programmering\\Web\\temp\\pgr6301_exam\\pg6301_client\\src\\features\\EmployeeActivitiesView\\EmployeeActivityLogForm.tsx": {"path":"D:\\Programmering\\Web\\temp\\pgr6301_exam\\pg6301_client\\src\\features\\EmployeeActivitiesView\\EmployeeActivityLogForm.tsx","statementMap":{"0":{"start":{"line":14,"column":22},"end":{"line":21,"column":1}},"1":{"start":{"line":25,"column":41},"end":{"line":75,"column":1}},"2":{"start":{"line":26,"column":28},"end":{"line":26,"column":60}},"3":{"start":{"line":27,"column":30},"end":{"line":27,"column":47}},"4":{"start":{"line":30,"column":28},"end":{"line":34,"column":20}},"5":{"start":{"line":31,"column":8},"end":{"line":33,"column":10}},"6":{"start":{"line":32,"column":12},"end":{"line":32,"column":103}},"7":{"start":{"line":37,"column":8},"end":{"line":37,"column":105}},"8":{"start":{"line":37,"column":46},"end":{"line":37,"column":89}},"9":{"start":{"line":40,"column":52},"end":{"line":40,"column":82}},"10":{"start":{"line":43,"column":4},"end":{"line":45,"column":23}},"11":{"start":{"line":44,"column":8},"end":{"line":44,"column":43}},"12":{"start":{"line":47,"column":33},"end":{"line":49,"column":5}},"13":{"start":{"line":48,"column":8},"end":{"line":48,"column":47}},"14":{"start":{"line":51,"column":30},"end":{"line":53,"column":5}},"15":{"start":{"line":52,"column":8},"end":{"line":52,"column":46}},"16":{"start":{"line":55,"column":30},"end":{"line":63,"column":5}},"17":{"start":{"line":57,"column":25},"end":{"line":57,"column":100}},"18":{"start":{"line":57,"column":56},"end":{"line":57,"column":99}},"19":{"start":{"line":58,"column":8},"end":{"line":58,"column":28}},"20":{"start":{"line":58,"column":22},"end":{"line":58,"column":28}},"21":{"start":{"line":59,"column":8},"end":{"line":59,"column":65}},"22":{"start":{"line":60,"column":8},"end":{"line":60,"column":25}},"23":{"start":{"line":61,"column":8},"end":{"line":61,"column":25}},"24":{"start":{"line":65,"column":4},"end":{"line":74,"column":5}},"25":{"start":{"line":77,"column":39},"end":{"line":77,"column":83}}},"fnMap":{"0":{"name":"(anonymous_0)","decl":{"start":{"line":25,"column":41},"end":{"line":25,"column":42}},"loc":{"start":{"line":25,"column":135},"end":{"line":75,"column":1}},"line":25},"1":{"name":"(anonymous_1)","decl":{"start":{"line":30,"column":36},"end":{"line":30,"column":37}},"loc":{"start":{"line":30,"column":42},"end":{"line":34,"column":5}},"line":30},"2":{"name":"(anonymous_2)","decl":{"start":{"line":31,"column":31},"end":{"line":31,"column":32}},"loc":{"start":{"line":32,"column":12},"end":{"line":32,"column":103}},"line":32},"3":{"name":"activitiesMemo","decl":{"start":{"line":36,"column":13},"end":{"line":36,"column":27}},"loc":{"start":{"line":36,"column":50},"end":{"line":38,"column":5}},"line":36},"4":{"name":"(anonymous_4)","decl":{"start":{"line":37,"column":32},"end":{"line":37,"column":33}},"loc":{"start":{"line":37,"column":46},"end":{"line":37,"column":89}},"line":37},"5":{"name":"(anonymous_5)","decl":{"start":{"line":43,"column":14},"end":{"line":43,"column":15}},"loc":{"start":{"line":43,"column":20},"end":{"line":45,"column":5}},"line":43},"6":{"name":"(anonymous_6)","decl":{"start":{"line":47,"column":33},"end":{"line":47,"column":34}},"loc":{"start":{"line":47,"column":82},"end":{"line":49,"column":5}},"line":47},"7":{"name":"(anonymous_7)","decl":{"start":{"line":51,"column":30},"end":{"line":51,"column":31}},"loc":{"start":{"line":51,"column":78},"end":{"line":53,"column":5}},"line":51},"8":{"name":"(anonymous_8)","decl":{"start":{"line":55,"column":30},"end":{"line":55,"column":31}},"loc":{"start":{"line":55,"column":42},"end":{"line":63,"column":5}},"line":55},"9":{"name":"(anonymous_9)","decl":{"start":{"line":57,"column":42},"end":{"line":57,"column":43}},"loc":{"start":{"line":57,"column":56},"end":{"line":57,"column":99}},"line":57}},"branchMap":{"0":{"loc":{"start":{"line":58,"column":8},"end":{"line":58,"column":28}},"type":"if","locations":[{"start":{"line":58,"column":8},"end":{"line":58,"column":28}},{"start":{},"end":{}}],"line":58},"1":{"loc":{"start":{"line":67,"column":13},"end":{"line":67,"column":120}},"type":"binary-expr","locations":[{"start":{"line":67,"column":13},"end":{"line":67,"column":21}},{"start":{"line":67,"column":25},"end":{"line":67,"column":53}},{"start":{"line":67,"column":57},"end":{"line":67,"column":120}}],"line":67}},"s":{"0":1,"1":1,"2":1,"3":1,"4":1,"5":1,"6":0,"7":2,"8":0,"9":1,"10":1,"11":1,"12":1,"13":0,"14":1,"15":0,"16":1,"17":0,"18":0,"19":0,"20":0,"21":0,"22":0,"23":0,"24":1,"25":1},"f":{"0":1,"1":1,"2":0,"3":2,"4":0,"5":1,"6":0,"7":0,"8":0,"9":0},"b":{"0":[0,0],"1":[1,0,0]},"_coverageSchema":"1a1c01bbd47fc00a2c39e90264f33305004495a9","hash":"968648e94ad1cc067f6eda2371f4b6ca2fef80bd"}
,"D:\\Programmering\\Web\\temp\\pgr6301_exam\\pg6301_client\\src\\features\\EmployeeActivitiesView\\index.ts": {"path":"D:\\Programmering\\Web\\temp\\pgr6301_exam\\pg6301_client\\src\\features\\EmployeeActivitiesView\\index.ts","statementMap":{},"fnMap":{},"branchMap":{},"s":{},"f":{},"b":{},"_coverageSchema":"1a1c01bbd47fc00a2c39e90264f33305004495a9","hash":"ffcbf42bdd66d868bf5d3671d42751a4e4ed0c40"}
,"D:\\Programmering\\Web\\temp\\pgr6301_exam\\pg6301_client\\src\\features\\UserLogin\\UserLogin.tsx": {"path":"D:\\Programmering\\Web\\temp\\pgr6301_exam\\pg6301_client\\src\\features\\UserLogin\\UserLogin.tsx","statementMap":{"0":{"start":{"line":9,"column":27},"end":{"line":17,"column":1}},"1":{"start":{"line":20,"column":30},"end":{"line":20,"column":55}},"2":{"start":{"line":22,"column":27},"end":{"line":60,"column":1}},"3":{"start":{"line":23,"column":36},"end":{"line":23,"column":54}},"4":{"start":{"line":24,"column":36},"end":{"line":24,"column":54}},"5":{"start":{"line":26,"column":36},"end":{"line":26,"column":74}},"6":{"start":{"line":28,"column":21},"end":{"line":28,"column":34}},"7":{"start":{"line":29,"column":33},"end":{"line":31,"column":5}},"8":{"start":{"line":30,"column":8},"end":{"line":30,"column":51}},"9":{"start":{"line":33,"column":33},"end":{"line":35,"column":5}},"10":{"start":{"line":34,"column":8},"end":{"line":34,"column":39}},"11":{"start":{"line":37,"column":33},"end":{"line":39,"column":5}},"12":{"start":{"line":38,"column":8},"end":{"line":38,"column":39}},"13":{"start":{"line":42,"column":37},"end":{"line":44,"column":5}},"14":{"start":{"line":43,"column":8},"end":{"line":43,"column":29}},"15":{"start":{"line":46,"column":36},"end":{"line":48,"column":5}},"16":{"start":{"line":47,"column":8},"end":{"line":47,"column":28}},"17":{"start":{"line":51,"column":4},"end":{"line":59,"column":5}},"18":{"start":{"line":62,"column":25},"end":{"line":62,"column":55}}},"fnMap":{"0":{"name":"(anonymous_0)","decl":{"start":{"line":22,"column":27},"end":{"line":22,"column":28}},"loc":{"start":{"line":22,"column":54},"end":{"line":60,"column":1}},"line":22},"1":{"name":"(anonymous_1)","decl":{"start":{"line":29,"column":33},"end":{"line":29,"column":34}},"loc":{"start":{"line":29,"column":82},"end":{"line":31,"column":5}},"line":29},"2":{"name":"(anonymous_2)","decl":{"start":{"line":33,"column":33},"end":{"line":33,"column":34}},"loc":{"start":{"line":33,"column":81},"end":{"line":35,"column":5}},"line":33},"3":{"name":"(anonymous_3)","decl":{"start":{"line":37,"column":33},"end":{"line":37,"column":34}},"loc":{"start":{"line":37,"column":81},"end":{"line":39,"column":5}},"line":37},"4":{"name":"(anonymous_4)","decl":{"start":{"line":42,"column":37},"end":{"line":42,"column":38}},"loc":{"start":{"line":42,"column":43},"end":{"line":44,"column":5}},"line":42},"5":{"name":"(anonymous_5)","decl":{"start":{"line":46,"column":36},"end":{"line":46,"column":37}},"loc":{"start":{"line":46,"column":42},"end":{"line":48,"column":5}},"line":46}},"branchMap":{},"s":{"0":1,"1":1,"2":1,"3":1,"4":1,"5":1,"6":1,"7":1,"8":0,"9":1,"10":0,"11":1,"12":0,"13":1,"14":0,"15":1,"16":0,"17":1,"18":1},"f":{"0":1,"1":0,"2":0,"3":0,"4":0,"5":0},"b":{},"_coverageSchema":"1a1c01bbd47fc00a2c39e90264f33305004495a9","hash":"0619952890b67123e2586216e17610792618203e"}
,"D:\\Programmering\\Web\\temp\\pgr6301_exam\\pg6301_client\\src\\layout\\CenteredLayout\\CenteredLayout.tsx": {"path":"D:\\Programmering\\Web\\temp\\pgr6301_exam\\pg6301_client\\src\\layout\\CenteredLayout\\CenteredLayout.tsx","statementMap":{"0":{"start":{"line":8,"column":18},"end":{"line":13,"column":1}},"1":{"start":{"line":14,"column":32},"end":{"line":16,"column":1}},"2":{"start":{"line":15,"column":2},"end":{"line":15,"column":64}},"3":{"start":{"line":17,"column":30},"end":{"line":17,"column":65}}},"fnMap":{"0":{"name":"(anonymous_0)","decl":{"start":{"line":14,"column":32},"end":{"line":14,"column":33}},"loc":{"start":{"line":14,"column":95},"end":{"line":16,"column":1}},"line":14}},"branchMap":{"0":{"loc":{"start":{"line":14,"column":35},"end":{"line":14,"column":56}},"type":"default-arg","locations":[{"start":{"line":14,"column":46},"end":{"line":14,"column":56}}],"line":14}},"s":{"0":1,"1":1,"2":1,"3":1},"f":{"0":1},"b":{"0":[0]},"_coverageSchema":"1a1c01bbd47fc00a2c39e90264f33305004495a9","hash":"68b3bbeb21812cfd19e6196a3174f89833755e85"}
,"D:\\Programmering\\Web\\temp\\pgr6301_exam\\pg6301_client\\src\\routes\\pages\\UserLoginPage.tsx": {"path":"D:\\Programmering\\Web\\temp\\pgr6301_exam\\pg6301_client\\src\\routes\\pages\\UserLoginPage.tsx","statementMap":{"0":{"start":{"line":10,"column":24},"end":{"line":15,"column":1}},"1":{"start":{"line":17,"column":31},"end":{"line":25,"column":1}},"2":{"start":{"line":18,"column":4},"end":{"line":24,"column":5}},"3":{"start":{"line":27,"column":29},"end":{"line":27,"column":63}}},"fnMap":{"0":{"name":"(anonymous_0)","decl":{"start":{"line":17,"column":31},"end":{"line":17,"column":32}},"loc":{"start":{"line":17,"column":57},"end":{"line":25,"column":1}},"line":17}},"branchMap":{},"s":{"0":1,"1":1,"2":1,"3":1},"f":{"0":1},"b":{},"_coverageSchema":"1a1c01bbd47fc00a2c39e90264f33305004495a9","hash":"0c93d6bc90e23d723d013bbf3783dece1633f02a"}
,"D:\\Programmering\\Web\\temp\\pgr6301_exam\\pg6301_client\\src\\routes\\pages\\index.ts": {"path":"D:\\Programmering\\Web\\temp\\pgr6301_exam\\pg6301_client\\src\\routes\\pages\\index.ts","statementMap":{},"fnMap":{},"branchMap":{},"s":{},"f":{},"b":{},"_coverageSchema":"1a1c01bbd47fc00a2c39e90264f33305004495a9","hash":"0c6047b6f1cb310d35e0dfa7c9426588e3ed3135"}
,"D:\\Programmering\\Web\\temp\\pgr6301_exam\\pg6301_client\\src\\services\\reactQueryService\\index.ts": {"path":"D:\\Programmering\\Web\\temp\\pgr6301_exam\\pg6301_client\\src\\services\\reactQueryService\\index.ts","statementMap":{},"fnMap":{},"branchMap":{},"s":{},"f":{},"b":{},"_coverageSchema":"1a1c01bbd47fc00a2c39e90264f33305004495a9","hash":"edb9627eb54b41da6afc9c757e2eac056eeaae68"}
,"D:\\Programmering\\Web\\temp\\pgr6301_exam\\pg6301_client\\src\\services\\reactQueryService\\reactQueryService.tsx": {"path":"D:\\Programmering\\Web\\temp\\pgr6301_exam\\pg6301_client\\src\\services\\reactQueryService\\reactQueryService.tsx","statementMap":{"0":{"start":{"line":8,"column":24},"end":{"line":21,"column":1}},"1":{"start":{"line":9,"column":21},"end":{"line":16,"column":3}},"2":{"start":{"line":18,"column":1},"end":{"line":18,"column":41}},"3":{"start":{"line":20,"column":1},"end":{"line":20,"column":19}},"4":{"start":{"line":27,"column":42},"end":{"line":36,"column":1}},"5":{"start":{"line":28,"column":24},"end":{"line":28,"column":51}},"6":{"start":{"line":30,"column":1},"end":{"line":35,"column":2}},"7":{"start":{"line":38,"column":40},"end":{"line":38,"column":85}}},"fnMap":{"0":{"name":"(anonymous_0)","decl":{"start":{"line":8,"column":24},"end":{"line":8,"column":25}},"loc":{"start":{"line":8,"column":30},"end":{"line":21,"column":1}},"line":8},"1":{"name":"(anonymous_1)","decl":{"start":{"line":27,"column":42},"end":{"line":27,"column":43}},"loc":{"start":{"line":27,"column":91},"end":{"line":36,"column":1}},"line":27}},"branchMap":{},"s":{"0":1,"1":2,"2":2,"3":2,"4":1,"5":2,"6":2,"7":1},"f":{"0":2,"1":2},"b":{},"_coverageSchema":"1a1c01bbd47fc00a2c39e90264f33305004495a9","hash":"1b64389b272c425c506e3d3dd28df1bd1c2ec310"}
,"D:\\Programmering\\Web\\temp\\pgr6301_exam\\pg6301_client\\src\\utils\\useLazyRef.ts": {"path":"D:\\Programmering\\Web\\temp\\pgr6301_exam\\pg6301_client\\src\\utils\\useLazyRef.ts","statementMap":{"0":{"start":{"line":3,"column":13},"end":{"line":3,"column":15}},"1":{"start":{"line":10,"column":26},"end":{"line":16,"column":1}},"2":{"start":{"line":11,"column":17},"end":{"line":11,"column":47}},"3":{"start":{"line":12,"column":1},"end":{"line":14,"column":2}},"4":{"start":{"line":13,"column":2},"end":{"line":13,"column":26}},"5":{"start":{"line":15,"column":1},"end":{"line":15,"column":15}}},"fnMap":{"0":{"name":"(anonymous_0)","decl":{"start":{"line":10,"column":26},"end":{"line":10,"column":27}},"loc":{"start":{"line":10,"column":58},"end":{"line":16,"column":1}},"line":10}},"branchMap":{"0":{"loc":{"start":{"line":12,"column":1},"end":{"line":14,"column":2}},"type":"if","locations":[{"start":{"line":12,"column":1},"end":{"line":14,"column":2}},{"start":{},"end":{}}],"line":12}},"s":{"0":1,"1":1,"2":2,"3":2,"4":2,"5":2},"f":{"0":2},"b":{"0":[2,0]},"_coverageSchema":"1a1c01bbd47fc00a2c39e90264f33305004495a9","hash":"1b42eea8c7c8fa2c500010908e426ae85092cf53"}
}
