TN:
SF:src\data\useEmployeeData.ts
FN:22,(anonymous_0)
FN:28,(anonymous_1)
FN:30,(anonymous_2)
FNF:3
FNH:3
FNDA:1,(anonymous_0)
FNDA:1,(anonymous_1)
FNDA:1,(anonymous_2)
DA:20,1
DA:22,1
DA:28,1
DA:29,1
DA:30,1
DA:31,1
DA:32,0
DA:34,0
LF:8
LH:6
BRDA:34,0,0,0
BRDA:34,0,1,0
BRF:2
BRH:0
end_of_record
TN:
SF:src\data\employeeActivityData\employeeActivityKeys.ts
FN:11,(anonymous_0)
FNF:1
FNH:1
FNDA:1,(anonymous_0)
DA:9,1
DA:11,1
LF:2
LH:2
BRF:0
BRH:0
end_of_record
TN:
SF:src\data\employeeActivityData\index.ts
FNF:0
FNH:0
LF:0
LH:0
BRF:0
BRH:0
end_of_record
TN:
SF:src\data\employeeActivityData\useAllEmployeeActivities.ts
FN:15,(anonymous_0)
FN:16,(anonymous_1)
FNF:2
FNH:0
FNDA:0,(anonymous_0)
FNDA:0,(anonymous_1)
DA:15,1
DA:16,0
DA:17,0
DA:18,0
DA:19,0
LF:5
LH:1
BRF:0
BRH:0
end_of_record
TN:
SF:src\data\employeeActivityData\useEmployeeActivitiesByDepartement.ts
FN:13,(anonymous_0)
FN:18,(anonymous_1)
FNF:2
FNH:2
FNDA:1,(anonymous_0)
FNDA:1,(anonymous_1)
DA:13,1
DA:14,1
DA:18,1
DA:19,1
DA:20,0
DA:21,0
DA:22,0
LF:7
LH:4
BRDA:22,0,0,0
BRDA:22,0,1,0
BRF:2
BRH:0
end_of_record
TN:
SF:src\data\employeeActivityData\useMutateEmployeeActivityHours.tsx
FN:8,(anonymous_0)
FN:12,(anonymous_1)
FNF:2
FNH:1
FNDA:1,(anonymous_0)
FNDA:0,(anonymous_1)
DA:8,1
DA:9,1
DA:10,1
DA:11,1
DA:12,1
DA:13,0
LF:6
LH:5
BRF:0
BRH:0
end_of_record
TN:
SF:src\features\EmployeeActivitiesView\EmployeeActivitiesList.tsx
FN:23,(anonymous_0)
FN:25,(anonymous_1)
FN:26,(anonymous_2)
FN:35,(anonymous_3)
FNF:4
FNH:1
FNDA:1,(anonymous_0)
FNDA:0,(anonymous_1)
FNDA:0,(anonymous_2)
FNDA:0,(anonymous_3)
DA:14,1
DA:18,1
DA:23,1
DA:25,1
DA:26,0
DA:27,0
DA:32,1
DA:36,0
DA:52,1
LF:9
LH:6
BRDA:27,0,0,0
BRDA:27,0,1,0
BRF:2
BRH:0
end_of_record
TN:
SF:src\features\EmployeeActivitiesView\EmployeeActivitiesView.tsx
FN:31,(anonymous_0)
FN:38,(anonymous_1)
FNF:2
FNH:1
FNDA:1,(anonymous_0)
FNDA:0,(anonymous_1)
DA:14,1
DA:23,1
DA:27,1
DA:31,1
DA:33,1
DA:34,1
DA:36,1
DA:38,1
DA:39,0
DA:44,1
DA:61,1
LF:11
LH:10
BRDA:50,0,0,1
BRDA:50,0,1,1
BRF:2
BRH:2
end_of_record
TN:
SF:src\features\EmployeeActivitiesView\EmployeeActivityItem.tsx
FN:28,(anonymous_0)
FNF:1
FNH:0
FNDA:0,(anonymous_0)
DA:13,1
DA:19,1
DA:28,1
DA:29,0
DA:30,0
DA:44,1
LF:6
LH:4
BRF:0
BRH:0
end_of_record
TN:
SF:src\features\EmployeeActivitiesView\EmployeeActivityLogForm.tsx
FN:25,(anonymous_0)
FN:30,(anonymous_1)
FN:31,(anonymous_2)
FN:36,activitiesMemo
FN:37,(anonymous_4)
FN:43,(anonymous_5)
FN:47,(anonymous_6)
FN:51,(anonymous_7)
FN:55,(anonymous_8)
FN:57,(anonymous_9)
FNF:10
FNH:4
FNDA:1,(anonymous_0)
FNDA:1,(anonymous_1)
FNDA:0,(anonymous_2)
FNDA:2,activitiesMemo
FNDA:0,(anonymous_4)
FNDA:1,(anonymous_5)
FNDA:0,(anonymous_6)
FNDA:0,(anonymous_7)
FNDA:0,(anonymous_8)
FNDA:0,(anonymous_9)
DA:14,1
DA:25,1
DA:26,1
DA:27,1
DA:30,1
DA:31,1
DA:32,0
DA:37,2
DA:40,1
DA:43,1
DA:44,1
DA:47,1
DA:48,0
DA:51,1
DA:52,0
DA:55,1
DA:57,0
DA:58,0
DA:59,0
DA:60,0
DA:61,0
DA:65,1
DA:77,1
LF:23
LH:15
BRDA:58,0,0,0
BRDA:58,0,1,0
BRDA:67,1,0,1
BRDA:67,1,1,0
BRDA:67,1,2,0
BRF:5
BRH:1
end_of_record
TN:
SF:src\features\EmployeeActivitiesView\index.ts
FNF:0
FNH:0
LF:0
LH:0
BRF:0
BRH:0
end_of_record
TN:
SF:src\features\UserLogin\UserLogin.tsx
FN:22,(anonymous_0)
FN:29,(anonymous_1)
FN:33,(anonymous_2)
FN:37,(anonymous_3)
FN:42,(anonymous_4)
FN:46,(anonymous_5)
FNF:6
FNH:1
FNDA:1,(anonymous_0)
FNDA:0,(anonymous_1)
FNDA:0,(anonymous_2)
FNDA:0,(anonymous_3)
FNDA:0,(anonymous_4)
FNDA:0,(anonymous_5)
DA:9,1
DA:20,1
DA:22,1
DA:23,1
DA:24,1
DA:26,1
DA:28,1
DA:29,1
DA:30,0
DA:33,1
DA:34,0
DA:37,1
DA:38,0
DA:42,1
DA:43,0
DA:46,1
DA:47,0
DA:51,1
DA:62,1
LF:19
LH:14
BRF:0
BRH:0
end_of_record
TN:
SF:src\layout\CenteredLayout\CenteredLayout.tsx
FN:14,(anonymous_0)
FNF:1
FNH:1
FNDA:1,(anonymous_0)
DA:8,1
DA:14,1
DA:15,1
DA:17,1
LF:4
LH:4
BRDA:14,0,0,0
BRF:1
BRH:0
end_of_record
TN:
SF:src\routes\pages\UserLoginPage.tsx
FN:17,(anonymous_0)
FNF:1
FNH:1
FNDA:1,(anonymous_0)
DA:10,1
DA:17,1
DA:18,1
DA:27,1
LF:4
LH:4
BRF:0
BRH:0
end_of_record
TN:
SF:src\routes\pages\index.ts
FNF:0
FNH:0
LF:0
LH:0
BRF:0
BRH:0
end_of_record
TN:
SF:src\services\reactQueryService\index.ts
FNF:0
FNH:0
LF:0
LH:0
BRF:0
BRH:0
end_of_record
TN:
SF:src\services\reactQueryService\reactQueryService.tsx
FN:8,(anonymous_0)
FN:27,(anonymous_1)
FNF:2
FNH:2
FNDA:2,(anonymous_0)
FNDA:2,(anonymous_1)
DA:8,1
DA:9,2
DA:18,2
DA:20,2
DA:27,1
DA:28,2
DA:30,2
DA:38,1
LF:8
LH:8
BRF:0
BRH:0
end_of_record
TN:
SF:src\utils\useLazyRef.ts
FN:10,(anonymous_0)
FNF:1
FNH:1
FNDA:2,(anonymous_0)
DA:3,1
DA:10,1
DA:11,2
DA:12,2
DA:13,2
DA:15,2
LF:6
LH:6
BRDA:12,0,0,2
BRDA:12,0,1,0
BRF:2
BRH:1
end_of_record
