TN:
SF:jest.config.ts
FNF:0
FNH:0
DA:3,0
LF:1
LH:0
BRF:0
BRH:0
end_of_record
TN:
SF:src\server.ts
FN:28,(anonymous_0)
FN:38,(anonymous_1)
FN:44,(anonymous_2)
FNF:3
FNH:0
FNDA:0,(anonymous_0)
FNDA:0,(anonymous_1)
FNDA:0,(anonymous_2)
DA:10,0
DA:12,0
DA:16,0
DA:18,0
DA:20,0
DA:23,0
DA:26,0
DA:28,0
DA:29,0
DA:35,0
DA:36,0
DA:39,0
DA:43,0
DA:44,0
DA:45,0
LF:15
LH:0
BRDA:43,0,0,0
BRDA:43,0,1,0
BRF:2
BRH:0
end_of_record
TN:
SF:src\app\activityApi.ts
FN:4,(anonymous_0)
FN:7,(anonymous_1)
FN:47,(anonymous_2)
FN:52,(anonymous_3)
FN:59,(anonymous_4)
FN:66,(anonymous_5)
FN:69,(anonymous_6)
FN:77,(anonymous_7)
FN:95,(anonymous_8)
FN:108,(anonymous_9)
FN:110,(anonymous_10)
FN:137,(anonymous_11)
FNF:12
FNH:5
FNDA:1,(anonymous_0)
FNDA:1,(anonymous_1)
FNDA:1,(anonymous_2)
FNDA:0,(anonymous_3)
FNDA:1,(anonymous_4)
FNDA:0,(anonymous_5)
FNDA:0,(anonymous_6)
FNDA:0,(anonymous_7)
FNDA:0,(anonymous_8)
FNDA:0,(anonymous_9)
FNDA:0,(anonymous_10)
FNDA:1,(anonymous_11)
DA:4,1
DA:7,1
DA:8,1
DA:10,1
DA:11,0
DA:41,1
DA:43,1
DA:47,1
DA:48,1
DA:49,1
DA:52,1
DA:53,0
DA:55,0
DA:59,1
DA:60,1
DA:62,1
DA:66,1
DA:67,0
DA:68,0
DA:69,0
DA:70,0
DA:77,0
DA:79,0
DA:89,0
DA:90,0
DA:92,0
DA:95,0
DA:96,0
DA:97,0
DA:101,0
DA:102,0
DA:108,1
DA:109,0
DA:111,0
DA:114,0
DA:117,0
DA:118,0
DA:119,0
DA:120,0
DA:124,0
DA:128,0
DA:132,0
DA:134,0
DA:137,1
DA:138,1
DA:139,1
DA:140,1
DA:141,1
DA:145,1
LF:49
LH:21
BRDA:10,0,0,0
BRDA:10,0,1,1
BRDA:96,1,0,0
BRDA:96,1,1,0
BRDA:101,2,0,0
BRDA:101,2,1,0
BRDA:117,3,0,0
BRDA:117,3,1,0
BRDA:117,4,0,0
BRDA:117,4,1,0
BRDA:118,5,0,0
BRDA:118,5,1,0
BRF:12
BRH:1
end_of_record
TN:
SF:src\app\employeeApi.ts
FN:8,(anonymous_0)
FN:10,(anonymous_1)
FN:57,(anonymous_2)
FN:62,(anonymous_3)
FN:64,(anonymous_4)
FN:80,(anonymous_5)
FN:87,(anonymous_6)
FN:95,(anonymous_7)
FNF:8
FNH:6
FNDA:1,(anonymous_0)
FNDA:1,(anonymous_1)
FNDA:1,(anonymous_2)
FNDA:1,(anonymous_3)
FNDA:1,(anonymous_4)
FNDA:1,(anonymous_5)
FNDA:0,(anonymous_6)
FNDA:0,(anonymous_7)
DA:8,1
DA:10,1
DA:11,1
DA:13,1
DA:14,0
DA:53,1
DA:54,1
DA:57,1
DA:58,1
DA:59,1
DA:62,1
DA:63,1
DA:64,1
DA:66,1
DA:75,1
DA:80,1
DA:81,1
DA:82,1
DA:83,1
DA:87,1
DA:88,0
DA:89,0
DA:90,0
DA:91,0
DA:95,1
DA:96,0
DA:97,0
DA:98,0
DA:102,1
LF:29
LH:21
BRDA:13,0,0,0
BRDA:13,0,1,1
BRF:2
BRH:1
end_of_record
TN:
SF:src\constants\endpoint.ts
FNF:0
FNH:0
DA:2,0
DA:4,0
LF:2
LH:0
BRF:0
BRH:0
end_of_record
TN:
SF:src\utils\getFilesWithKeyword.ts
FN:3,(anonymous_0)
FNF:1
FNH:0
FNDA:0,(anonymous_0)
DA:3,0
DA:4,0
DA:5,0
DA:6,0
DA:7,0
DA:8,0
DA:9,0
DA:11,0
DA:14,0
LF:9
LH:0
BRDA:4,0,0,0
BRDA:4,0,1,0
BRDA:8,1,0,0
BRDA:8,1,1,0
BRDA:11,2,0,0
BRDA:11,2,1,0
BRF:6
BRH:0
end_of_record
